<?xml version="1.0" encoding="UTF-8"?>
<!-- Generated by org.testng.reporters.JUnitReportReporter -->
<testsuite hostname="DESKTOP-A6J4GJ3" failures="0" tests="3" name="com.project.qa.testcases.LoginPageTest" time="64.970" errors="0" timestamp="16 Jan 2021 13:33:18 GMT" skipped="0">
  <testcase classname="com.project.qa.testcases.LoginPageTest" name="LoginPageTitleTest" time="19.454"/>
  <testcase classname="com.project.qa.testcases.LoginPageTest" name="logoTest" time="18.895"/>
  <testcase classname="com.project.qa.testcases.LoginPageTest" name="LoginTest" time="26.621"/>
</testsuite> <!-- com.project.qa.testcases.LoginPageTest -->
